0 info it worked if it ends with ok
1 verbose cli [ 'node', '/usr/local/bin/npm', 'install', 'express-stormpath' ]
2 info using npm@1.4.28
3 info using node@v0.10.33
4 verbose readDependencies using package.json deps
5 verbose cache add [ 'express-stormpath@0.17.x', null ]
6 verbose cache add name=undefined spec="express-stormpath@0.17.x" args=["express-stormpath@0.17.x",null]
7 verbose parsed url { protocol: null,
7 verbose parsed url   slashes: null,
7 verbose parsed url   auth: null,
7 verbose parsed url   host: null,
7 verbose parsed url   port: null,
7 verbose parsed url   hostname: null,
7 verbose parsed url   hash: null,
7 verbose parsed url   search: null,
7 verbose parsed url   query: null,
7 verbose parsed url   pathname: 'express-stormpath@0.17.x',
7 verbose parsed url   path: 'express-stormpath@0.17.x',
7 verbose parsed url   href: 'express-stormpath@0.17.x' }
8 verbose cache add name="express-stormpath" spec="0.17.x" args=["express-stormpath","0.17.x"]
9 verbose parsed url { protocol: null,
9 verbose parsed url   slashes: null,
9 verbose parsed url   auth: null,
9 verbose parsed url   host: null,
9 verbose parsed url   port: null,
9 verbose parsed url   hostname: null,
9 verbose parsed url   hash: null,
9 verbose parsed url   search: null,
9 verbose parsed url   query: null,
9 verbose parsed url   pathname: '0.17.x',
9 verbose parsed url   path: '0.17.x',
9 verbose parsed url   href: '0.17.x' }
10 verbose addNamed [ 'express-stormpath', '0.17.x' ]
11 verbose addNamed [ null, '>=0.17.0-0 <0.18.0-0' ]
12 silly lockFile 97f037bf-express-stormpath-0-17-x express-stormpath@0.17.x
13 verbose lock express-stormpath@0.17.x /Users/Isaac/.npm/97f037bf-express-stormpath-0-17-x.lock
14 silly addNameRange { name: 'express-stormpath',
14 silly addNameRange   range: '>=0.17.0-0 <0.18.0-0',
14 silly addNameRange   hasData: false }
15 verbose request where is /express-stormpath
16 verbose request registry https://registry.npmjs.org/
17 verbose request id ce0ec118c42245b9
18 verbose url raw /express-stormpath
19 verbose url resolving [ 'https://registry.npmjs.org/', './express-stormpath' ]
20 verbose url resolved https://registry.npmjs.org/express-stormpath
21 verbose request where is https://registry.npmjs.org/express-stormpath
22 info trying registry request attempt 1 at 22:00:32
23 http GET https://registry.npmjs.org/express-stormpath
24 http 200 https://registry.npmjs.org/express-stormpath
25 silly registry.get cb [ 200,
25 silly registry.get   { server: 'CouchDB/1.5.0 (Erlang OTP/R16B03)',
25 silly registry.get     etag: '"B9DC7Q5HGOG45VQYZNK3JO9OX"',
25 silly registry.get     'content-type': 'application/json',
25 silly registry.get     'cache-control': 'max-age=300',
25 silly registry.get     'content-length': '145676',
25 silly registry.get     'accept-ranges': 'bytes',
25 silly registry.get     date: 'Mon, 15 Feb 2016 03:00:32 GMT',
25 silly registry.get     via: '1.1 varnish',
25 silly registry.get     age: '29',
25 silly registry.get     connection: 'keep-alive',
25 silly registry.get     'x-served-by': 'cache-atl6241-ATL',
25 silly registry.get     'x-cache': 'HIT',
25 silly registry.get     'x-cache-hits': '1',
25 silly registry.get     'x-timer': 'S1455505232.366652,VS0,VE0',
25 silly registry.get     vary: 'Accept' } ]
26 silly addNameRange number 2 { name: 'express-stormpath',
26 silly addNameRange   range: '>=0.17.0-0 <0.18.0-0',
26 silly addNameRange   hasData: true }
27 silly addNameRange versions [ 'express-stormpath',
27 silly addNameRange   [ '0.1.0',
27 silly addNameRange     '0.1.2',
27 silly addNameRange     '0.1.3',
27 silly addNameRange     '0.1.4',
27 silly addNameRange     '0.1.5',
27 silly addNameRange     '0.1.6',
27 silly addNameRange     '0.1.7',
27 silly addNameRange     '0.1.8',
27 silly addNameRange     '0.1.9',
27 silly addNameRange     '0.2.0',
27 silly addNameRange     '0.2.1',
27 silly addNameRange     '0.2.2',
27 silly addNameRange     '0.2.3',
27 silly addNameRange     '0.2.4',
27 silly addNameRange     '0.2.5',
27 silly addNameRange     '0.2.6',
27 silly addNameRange     '0.2.7',
27 silly addNameRange     '0.2.8',
27 silly addNameRange     '0.2.9',
27 silly addNameRange     '0.3.0',
27 silly addNameRange     '0.3.1',
27 silly addNameRange     '0.3.2',
27 silly addNameRange     '0.3.3',
27 silly addNameRange     '0.3.4',
27 silly addNameRange     '0.4.0',
27 silly addNameRange     '0.4.1',
27 silly addNameRange     '0.4.2',
27 silly addNameRange     '0.4.3',
27 silly addNameRange     '0.4.4',
27 silly addNameRange     '0.4.5',
27 silly addNameRange     '0.4.6',
27 silly addNameRange     '0.4.7',
27 silly addNameRange     '0.4.8',
27 silly addNameRange     '0.4.9',
27 silly addNameRange     '0.5.0',
27 silly addNameRange     '0.5.1',
27 silly addNameRange     '0.5.2',
27 silly addNameRange     '0.5.3',
27 silly addNameRange     '0.5.4',
27 silly addNameRange     '0.5.5',
27 silly addNameRange     '0.5.6',
27 silly addNameRange     '0.5.7',
27 silly addNameRange     '0.5.8',
27 silly addNameRange     '0.5.9',
27 silly addNameRange     '0.6.0',
27 silly addNameRange     '0.6.1',
27 silly addNameRange     '0.6.2',
27 silly addNameRange     '0.6.3',
27 silly addNameRange     '0.6.4',
27 silly addNameRange     '0.6.5',
27 silly addNameRange     '0.6.6',
27 silly addNameRange     '0.6.7',
27 silly addNameRange     '0.6.8',
27 silly addNameRange     '0.6.9',
27 silly addNameRange     '1.0.0',
27 silly addNameRange     '1.0.1',
27 silly addNameRange     '1.0.2',
27 silly addNameRange     '1.0.3',
27 silly addNameRange     '1.0.4',
27 silly addNameRange     '1.0.5',
27 silly addNameRange     '1.0.6',
27 silly addNameRange     '2.0.0',
27 silly addNameRange     '2.0.1',
27 silly addNameRange     '2.0.2',
27 silly addNameRange     '2.0.3',
27 silly addNameRange     '1.0.7',
27 silly addNameRange     '2.0.4',
27 silly addNameRange     '2.0.5',
27 silly addNameRange     '2.0.6',
27 silly addNameRange     '2.0.7',
27 silly addNameRange     '2.0.8',
27 silly addNameRange     '2.0.9',
27 silly addNameRange     '2.0.10',
27 silly addNameRange     '2.0.11',
27 silly addNameRange     '2.0.12',
27 silly addNameRange     '2.0.13',
27 silly addNameRange     '2.0.14',
27 silly addNameRange     '2.1.0',
27 silly addNameRange     '2.2.0',
27 silly addNameRange     '2.3.0',
27 silly addNameRange     '2.3.1',
27 silly addNameRange     '2.3.2',
27 silly addNameRange     '2.3.3',
27 silly addNameRange     '2.3.4',
27 silly addNameRange     '2.3.5',
27 silly addNameRange     '2.3.6',
27 silly addNameRange     '2.3.7',
27 silly addNameRange     '2.4.0' ] ]
28 silly lockFile 97f037bf-express-stormpath-0-17-x express-stormpath@0.17.x
29 silly lockFile 97f037bf-express-stormpath-0-17-x express-stormpath@0.17.x
30 error notarget No compatible version found: express-stormpath@'>=0.17.0-0 <0.18.0-0'
30 error notarget Valid install targets:
30 error notarget ["0.1.0","0.1.2","0.1.3","0.1.4","0.1.5","0.1.6","0.1.7","0.1.8","0.1.9","0.2.0","0.2.1","0.2.2","0.2.3","0.2.4","0.2.5","0.2.6","0.2.7","0.2.8","0.2.9","0.3.0","0.3.1","0.3.2","0.3.3","0.3.4","0.4.0","0.4.1","0.4.2","0.4.3","0.4.4","0.4.5","0.4.6","0.4.7","0.4.8","0.4.9","0.5.0","0.5.1","0.5.2","0.5.3","0.5.4","0.5.5","0.5.6","0.5.7","0.5.8","0.5.9","0.6.0","0.6.1","0.6.2","0.6.3","0.6.4","0.6.5","0.6.6","0.6.7","0.6.8","0.6.9","1.0.0","1.0.1","1.0.2","1.0.3","1.0.4","1.0.5","1.0.6","2.0.0","2.0.1","2.0.2","2.0.3","1.0.7","2.0.4","2.0.5","2.0.6","2.0.7","2.0.8","2.0.9","2.0.10","2.0.11","2.0.12","2.0.13","2.0.14","2.1.0","2.2.0","2.3.0","2.3.1","2.3.2","2.3.3","2.3.4","2.3.5","2.3.6","2.3.7","2.4.0"]
30 error notarget
30 error notarget This is most likely not a problem with npm itself.
30 error notarget In most cases you or one of your dependencies are requesting
30 error notarget a package version that doesn't exist.
31 error System Darwin 15.3.0
32 error command "node" "/usr/local/bin/npm" "install" "express-stormpath"
33 error cwd /Users/Isaac/sites/SneakySnap
34 error node -v v0.10.33
35 error npm -v 1.4.28
36 error code ETARGET
37 verbose exit [ 1, true ]
